build/app/intermediates/manifest_merge_blame_file/release/manifest-merger-blame-release-report.txt
1<?xml version="1.0" encoding="utf-8"?>
2<manifest xmlns:android="http://schemas.android.com/apk/res/android"
3    package="com.example.flutter_study"
4    android:versionCode="1"
5    android:versionName="1.0.0" >
6
7    <uses-sdk
8        android:minSdkVersion="21"
8-->src\main\AndroidManifest.xml
9        android:targetSdkVersion="29" />
9-->src\main\AndroidManifest.xml
10    <!--
11         io.flutter.app.FlutterApplication is an android.app.Application that
12         calls FlutterMain.startInitialization(this); in its onCreate method.
13         In most cases you can leave this as-is, but you if you want to provide
14         additional functionality it is fine to subclass or reimplement
15         FlutterApplication and put your custom class here.
16    -->
17    <uses-permission android:name="android.permission.READ_EXTERNAL_STORAGE" />
17-->src\main\AndroidManifest.xml:8:5-80
17-->src\main\AndroidManifest.xml:8:22-77
18    <uses-permission android:name="android.permission.WRITE_EXTERNAL_STORAGE" />
18-->src\main\AndroidManifest.xml:9:5-81
18-->src\main\AndroidManifest.xml:9:22-78
19    <uses-permission android:name="android.permission.CAMERA" />
19-->src\main\AndroidManifest.xml:10:5-65
19-->src\main\AndroidManifest.xml:10:22-62
20    <uses-permission android:name="android.permission.RECORD_AUDIO" />
20-->[:camera] AndroidManifest.xml:8:5-71
20-->[:camera] AndroidManifest.xml:8:22-68
21
22    <application
22-->src\main\AndroidManifest.xml:12:5-59:19
23        android:name="io.flutter.app.FlutterApplication"
23-->src\main\AndroidManifest.xml:13:9-57
24        android:appComponentFactory="androidx.core.app.CoreComponentFactory"
24-->[androidx.core:core:1.1.0] AndroidManifest.xml:24:18-86
25        android:icon="@mipmap/ic_launcher"
25-->src\main\AndroidManifest.xml:15:9-43
26        android:label="flutter_study"
26-->src\main\AndroidManifest.xml:14:9-38
27        android:requestLegacyExternalStorage="true" >
27-->src\main\AndroidManifest.xml:16:9-52
28        <activity
28-->src\main\AndroidManifest.xml:19:9-53:20
29            android:name="com.example.flutter_study.MainActivity"
29-->src\main\AndroidManifest.xml:20:13-41
30            android:configChanges="orientation|keyboardHidden|keyboard|screenSize|smallestScreenSize|locale|layoutDirection|fontScale|screenLayout|density|uiMode"
30-->src\main\AndroidManifest.xml:23:13-163
31            android:hardwareAccelerated="true"
31-->src\main\AndroidManifest.xml:24:13-47
32            android:launchMode="singleTop"
32-->src\main\AndroidManifest.xml:21:13-43
33            android:theme="@style/LaunchTheme"
33-->src\main\AndroidManifest.xml:22:13-47
34            android:windowSoftInputMode="adjustResize" >
34-->src\main\AndroidManifest.xml:25:13-55
35
36            <!--
37                 Specifies an Android theme to apply to this Activity as soon as
38                 the Android process has started. This theme is visible to the user
39                 while the Flutter UI initializes. After that, this theme continues
40                 to determine the Window background behind the Flutter UI.
41            -->
42            <meta-data
42-->src\main\AndroidManifest.xml:30:13-33:17
43                android:name="io.flutter.embedding.android.NormalTheme"
43-->src\main\AndroidManifest.xml:31:17-72
44                android:resource="@style/NormalTheme" />
44-->src\main\AndroidManifest.xml:32:17-54
45            <!-- 去除启动页的白屏 -->
46            <!--
47                 <meta-data
48                android:name="io.flutter.app.android.SplashScreenUntilFirstFrame"
49                 android:value="true"/>
50            -->
51            <!--
52                 Displays an Android View that continues showing the launch screen
53                 Drawable until Flutter paints its first frame, then this splash
54                 screen fades out. A splash screen is useful to avoid any visual
55                 gap between the end of Android's launch screen and the painting of
56                 Flutter's first frame.
57            -->
58            <!-- 去除启动页的黑屏 -->
59            <meta-data
59-->src\main\AndroidManifest.xml:44:14-47:17
60                android:name="io.flutter.embedding.android.SplashScreenDrawable"
60-->src\main\AndroidManifest.xml:45:15-79
61                android:resource="@drawable/launch_background" />
61-->src\main\AndroidManifest.xml:46:15-61
62
63            <intent-filter>
63-->src\main\AndroidManifest.xml:49:13-52:29
64                <action android:name="android.intent.action.MAIN" />
64-->src\main\AndroidManifest.xml:50:17-68
64-->src\main\AndroidManifest.xml:50:25-66
65
66                <category android:name="android.intent.category.LAUNCHER" />
66-->src\main\AndroidManifest.xml:51:17-76
66-->src\main\AndroidManifest.xml:51:27-74
67            </intent-filter>
68        </activity>
69        <!--
70             Don't delete the meta-data below.
71             This is used by the Flutter tool to generate GeneratedPluginRegistrant.java
72        -->
73        <meta-data
73-->src\main\AndroidManifest.xml:56:9-58:33
74            android:name="flutterEmbedding"
74-->src\main\AndroidManifest.xml:57:13-44
75            android:value="2" />
75-->src\main\AndroidManifest.xml:58:13-30
76
77        <provider
77-->[:image_picker] AndroidManifest.xml:11:9-19:20
78            android:name="io.flutter.plugins.imagepicker.ImagePickerFileProvider"
78-->[:image_picker] AndroidManifest.xml:12:13-82
79            android:authorities="com.example.flutter_study.flutter.image_provider"
79-->[:image_picker] AndroidManifest.xml:13:13-74
80            android:exported="false"
80-->[:image_picker] AndroidManifest.xml:14:13-37
81            android:grantUriPermissions="true" >
81-->[:image_picker] AndroidManifest.xml:15:13-47
82            <meta-data
82-->[:image_picker] AndroidManifest.xml:16:13-18:75
83                android:name="android.support.FILE_PROVIDER_PATHS"
83-->[:image_picker] AndroidManifest.xml:17:17-67
84                android:resource="@xml/flutter_image_picker_file_paths" />
84-->[:image_picker] AndroidManifest.xml:18:17-72
85        </provider>
86        <provider
86-->[com.sangcomz:FishBun:0.11.2] AndroidManifest.xml:12:9-20:20
87            android:name="com.sangcomz.fishbun.FishBunFileProvider"
87-->[com.sangcomz:FishBun:0.11.2] AndroidManifest.xml:13:13-68
88            android:authorities="com.example.flutter_study.fishbunfileprovider"
88-->[com.sangcomz:FishBun:0.11.2] AndroidManifest.xml:14:13-71
89            android:exported="false"
89-->[com.sangcomz:FishBun:0.11.2] AndroidManifest.xml:15:13-37
90            android:grantUriPermissions="true" >
90-->[com.sangcomz:FishBun:0.11.2] AndroidManifest.xml:16:13-47
91            <meta-data
91-->[:image_picker] AndroidManifest.xml:16:13-18:75
92                android:name="android.support.FILE_PROVIDER_PATHS"
92-->[:image_picker] AndroidManifest.xml:17:17-67
93                android:resource="@xml/provider_paths" />
93-->[:image_picker] AndroidManifest.xml:18:17-72
94        </provider>
95
96        <activity
96-->[com.sangcomz:FishBun:0.11.2] AndroidManifest.xml:22:9-25:51
97            android:name="com.sangcomz.fishbun.ui.album.AlbumActivity"
97-->[com.sangcomz:FishBun:0.11.2] AndroidManifest.xml:23:13-71
98            android:label="@string/album"
98-->[com.sangcomz:FishBun:0.11.2] AndroidManifest.xml:24:13-42
99            android:theme="@style/FishBunTheme" />
99-->[com.sangcomz:FishBun:0.11.2] AndroidManifest.xml:25:13-48
100        <activity
100-->[com.sangcomz:FishBun:0.11.2] AndroidManifest.xml:26:9-28:51
101            android:name="com.sangcomz.fishbun.ui.picker.PickerActivity"
101-->[com.sangcomz:FishBun:0.11.2] AndroidManifest.xml:27:13-73
102            android:theme="@style/FishBunTheme" />
102-->[com.sangcomz:FishBun:0.11.2] AndroidManifest.xml:28:13-48
103        <activity
103-->[com.sangcomz:FishBun:0.11.2] AndroidManifest.xml:29:9-31:54
104            android:name="com.sangcomz.fishbun.ui.detail.DetailActivity"
104-->[com.sangcomz:FishBun:0.11.2] AndroidManifest.xml:30:13-73
105            android:theme="@style/DetailViewTheme" />
105-->[com.sangcomz:FishBun:0.11.2] AndroidManifest.xml:31:13-51
106    </application>
107
108</manifest>